<?xml version="1.0" encoding="UTF-8"?>
<!-- Generated by org.testng.reporters.JUnitReportReporter -->
<testsuite hostname="mohsine" failures="0" tests="1" name="com.homedepot.homrdepot.registration" time="6.318" errors="0" timestamp="2020-12-20T16:13:23 EST" skipped="0">
  <testcase classname="com.homedepot.homrdepot.registration" name="accountFunction" time="6.318"/>
  <system-out/>
</testsuite> <!-- com.homedepot.homrdepot.registration -->
