<?xml version="1.0" encoding="UTF-8"?>
<!-- Generated by org.testng.reporters.JUnitReportReporter -->
<testsuite hostname="mohsine" failures="0" tests="1" name="com.homedepot.homrdepot.registrationtest" time="6.334" errors="0" timestamp="2020-12-20T17:13:50 EST" skipped="0">
  <testcase classname="com.homedepot.homrdepot.registrationtest" name="registrationFunction" time="6.334"/>
  <system-out/>
</testsuite> <!-- com.homedepot.homrdepot.registrationtest -->
